client-> connected to server
connected
[0]Message -> 12: <Buffer 52 46 42 20 30 30 33 2e 30 30 38 0a>
[1]Message -> 3: <Buffer 02 02 10>
[2]Message -> 16: <Buffer 2b 8e 50 31 61 ba b7 2a fd 2e 57 d6 aa 24 6c da>
Password : 8:<Buffer 73 61 76 61 6e 74> [Shift]-> <Buffer ce 86 6e 86 76 2e 00 00>
challenge:16:<Buffer 2b 8e 50 31 61 ba b7 2a fd 2e 57 d6 aa 24 6c da>
DES      :16:<Buffer ea 49 c3 b5 83 fa a1 51 91 e3 25 19 d4 9f 08 8f>
[3]Message -> 4: <Buffer 00 00 00 00>
[4]Message -> 64: <Buffer 01 f4 01 f4 08 08 00 01 00 07 00 07 00 03 00 03 06 00 00 00 00 00 00 28 73 61 76 61 6e 74 27 73 20 58 20 64 65 73 6b 74 6f 70 20 28 73 61 76 61 6e 74 2d ...>
<Buffer 01 f4 01 f4 08 08 00 01 00 07 00 07 00 03 00 03 06 00 00 00 00 00 00 28 73 61 76 61 6e 74 27 73 20 58 20 64 65 73 6b 74 6f 70 20 28 73 61 76 61 6e 74 2d ...>
{ width: 500,
  height: 500,
  pixel_format: 
   { bits_per_pixel: 8,
     depth: 8,
     big_endian_flag: 0,
     true_colour_flag: 1,
     red_max: 7,
     green_max: 7,
     blue_max: 3,
     red_shift: 0,
     green_shift: 3,
     blue_shift: 6 },
  name_size: 40,
  name: 'savant\'s X desktop (savant-VirtualBox:2)' }
SetPixelFormat: <Buffer 00 00 00 00 08 08 00 00 00 07 00 07 00 03 00 03 06 00 00 00>
SetEncodings: <Buffer 02 00 00 00>
FramebufferUpdateRequest: <Buffer 03 00 00 01 00 00 01 f4 01 f4>
[5]Message -> 1542: <Buffer 01 00 00 00 01 00 00 00 00 00 00 00 24 92 00 00 00 00 49 24 00 00 00 00 6d b6 00 00 00 00 92 48 00 00 00 00 b6 da 00 00 00 00 db 6c 00 00 00 00 ff ff 00 ...>
[7]Message -> 4: <Buffer 00 ff 00 01>
[7]Message -> 3472: <Buffer 00 01 00 00 01 f4 01 f4 00 00 00 00 00 00 00 00 00 00 00 00 00 00 00 00 00 00 00 00 00 00 00 00 00 00 00 00 00 00 00 00 00 00 00 00 00 00 00 00 00 00 00 ...>
[7]Message -> 6944: <Buffer 00 00 00 00 00 00 00 00 00 00 00 00 00 00 00 00 00 00 00 00 00 00 00 00 00 00 00 00 00 00 00 00 00 00 00 00 00 00 00 00 00 00 00 00 00 00 00 a4 f6 f6 f6 ...>
[7]Message -> 3472: <Buffer 00 00 00 00 00 00 00 00 00 00 00 00 00 00 00 00 00 00 00 00 00 00 00 00 00 00 00 00 00 00 00 00 00 00 00 00 00 00 00 00 00 00 00 00 00 00 00 00 00 00 00 ...>
[7]Message -> 3472: <Buffer 00 00 00 00 00 00 00 00 00 00 00 00 00 00 00 00 00 00 00 00 00 00 00 00 00 00 00 00 00 00 09 09 09 09 09 09 09 09 09 09 09 09 09 09 09 09 09 09 09 09 09 ...>
[7]Message -> 3472: <Buffer 00 00 00 00 00 00 00 00 00 00 00 00 00 00 00 00 00 00 00 00 00 00 00 00 00 00 00 00 00 00 00 00 00 00 00 00 00 00 00 00 00 00 00 00 00 00 00 00 00 00 00 ...>
[7]Message -> 3472: <Buffer 00 00 00 00 00 00 00 00 00 00 00 00 00 00 00 00 00 00 00 00 00 00 00 00 00 00 00 00 00 00 00 00 00 00 00 00 00 00 00 00 00 00 00 00 00 00 00 00 00 00 00 ...>
[7]Message -> 5208: <Buffer 00 00 00 00 00 00 00 00 00 00 00 00 00 00 00 00 00 00 00 00 00 00 00 00 00 00 00 00 00 00 00 00 00 00 00 00 00 00 00 00 00 00 00 00 00 00 00 00 00 00 00 ...>
[7]Message -> 3472: <Buffer 00 00 00 00 00 00 00 00 00 00 00 00 00 00 00 00 00 00 00 00 00 00 00 00 00 00 00 00 00 00 00 00 00 00 00 00 00 00 00 00 00 00 00 00 00 00 00 00 00 00 00 ...>
[7]Message -> 3472: <Buffer 00 00 00 00 00 00 00 00 00 00 00 00 00 00 00 00 00 00 00 00 00 00 00 00 00 00 00 00 00 00 00 00 00 00 00 00 00 00 00 00 00 00 00 00 00 00 00 00 00 00 00 ...>
[7]Message -> 6944: <Buffer 00 00 00 00 00 00 00 00 00 00 00 00 00 00 00 00 00 00 00 00 00 00 00 00 00 00 00 00 00 00 00 00 00 00 00 00 00 00 00 00 00 00 00 00 00 00 00 00 00 00 00 ...>
[7]Message -> 6944: <Buffer 09 09 09 09 09 09 09 09 09 09 09 09 09 09 09 09 09 09 09 09 09 09 09 09 09 09 09 09 09 09 09 09 09 09 09 09 09 09 09 09 09 09 09 09 09 09 09 09 09 09 09 ...>
[7]Message -> 3472: <Buffer 09 09 09 09 09 09 09 09 09 09 09 09 09 09 09 09 09 09 09 09 09 09 09 09 09 09 09 09 09 09 09 09 09 09 09 09 09 09 09 09 09 09 09 09 09 09 09 09 09 09 09 ...>
[7]Message -> 3472: <Buffer ff ff ff ff ff ff ff ff ff ff ff ff ff ff ff ff ff ff ff ff ff ff ff ff ff ff ff ff ff ff ff ff ff ff ff ff ff ff ff ff ff ff ff ff ff ff ff ff ff ff ff ...>
[7]Message -> 2224: <Buffer ad ad ad ad ad ad ad ad ad ad ad ad ad ad ad ad ad ad ad ad ad ad ad ad ad ad ad ad ad ad ad ad ad ad ad ad ad ad ad ad ad ad ad ad ad ad ad ad ad ad ad ...>
[7]Message -> 3472: <Buffer ff ff ff ff ff f6 ff ff ff ff ff ff ff ff ff ff ff ff ff a4 09 09 a4 ff ff ff ff ff ff ff ff ff ff ff fe ff ff ff ff ff ff ff ff ff ff ff ff ff ff ff ff ...>
[7]Message -> 6944: <Buffer 5b 5b 5b 5b 5b 5b 5b 5b 5b 5b 5b 52 52 ff ff ff ff ff ff ff ff ff ff ff ff ff 00 00 ff ff ff ff f5 ff ff ff ff ff ff ff ff a4 52 5b 5b 5b 5b 5b 5b 5b 5b ...>
[7]Message -> 6944: <Buffer ff ff ff ff ff ff ff ff ff ff ff ff ff ff ff ff ff ff ff ff ff ff ff ff ff ff ff ff ff ff ff ff ff ff ff ff ff ff ff f6 ff ff ff ff ff ff ff ff ff ff ff ...>
[7]Message -> 6944: <Buffer ff ff ff ff ff ff ff ff ff ff ff ff ff ff ff ff ff ff ff ff ff ff ff ff ff ff ff ff ff ff ff ff ff ff ff ff ff ff ff ff ff ff ff ff ff ff ff ff ff ff ff ...>
[7]Message -> 3472: <Buffer ff ff ff ff ff ff ff ff ff ff ff ff ff ff ff ff ff ff ff ff ff ff ff ff ff ff ff ff ff ff ff ff ff ff ff ff ff ff ff ff ff ff ff ff ff ff ff ff ff ff ff ...>
[7]Message -> 3472: <Buffer ff ff ff ff ff ff ff ff ff ff ff ff ff ff ff ff ff ff ff ff ff ff ff ff ff ff ff ff ff ff ff ff ff ff ff ff ff ff ff ff ff ff ff ff ff ff ff ff ff ff ff ...>
[7]Message -> 6944: <Buffer ff ff ff ff ff ff ff ff ff ff ff ff ff ff ff ff ff ff ff ff ff ff ff ff ff ff ff ff ff ff ff ff ff ff ff ff ff ff ff ff ff ff ff ff ff ff ff ff ff ff ff ...>
[7]Message -> 3472: <Buffer ff ff ff ff ff ff ff ff af 5f 57 57 57 57 5f a7 af f7 ff ff ff b7 a7 5f 57 16 56 16 16 16 16 17 56 af ff ff ff ff ff ff ff ff ff ff ff ff ff ff ff ff ff ...>
[7]Message -> 3472: <Buffer ff ff ff ff ff ff ff ff ff ff ff ff ff ff ff ff ff ff ff ff ff ff ff ff ff ff ff ff ff 67 57 56 17 16 17 5f ff ff ff ff ff ff ff ff ff ff ff ff ff ff ff ...>
[7]Message -> 6944: <Buffer ff ff ff ff ff ff ff ff ff ff ff ff ff ff ff ff ff ff ff ff ff ff ff ff ff ff ff ff ff ff ff ff ff ff ff ff ff ff ff ff ff ff ff ff ff ff ff ff ff ff ff ...>
[7]Message -> 3472: <Buffer ff ff ff ff ff ff ff ff ff ff ff ff ff ff ff ff ff ff ff ff ff ff ff ff ff ff ff ff ff ff ff ff ff ff ff ff ff ff ff ff ff ff ff ff ff ff eb d8 d8 d8 d8 ...>
[7]Message -> 5768: <Buffer ff ff ff ff ff ff ff ff ff ff ff ff ff ff ff ff ff ff ff ff ff ff ff ff ff ff ff ff ff ff ff ff ff ff ff ff ff ff ff ff ff ff ff ff ff ff ff ff ff ff ff ...>
[7]Message -> 3472: <Buffer d8 d8 d8 d8 d8 d8 d8 e2 ff ff ff ff ff ff ff ff ff ff ff ff 5c 5b 5b 5b 5b 5b 5b 5b 5b 5b e3 ff ff ff ff ff ff ff ff ff ff 66 9b fd ff ff ff ff ff ff ff ...>
[7]Message -> 6944: <Buffer e1 ff ff ff ff ff ff ff ff ff ff ff ff ff ff ff ff ff ff ff ff ff ff ff ff ff ff ff ff fe d8 d8 d8 d8 d8 ec ff ff ff ff ff ff ff ff ff ff ff ff 5c e3 ff ...>
[7]Message -> 6944: <Buffer ff ff ff ff ff ff ff ff ff ff ff ff ff ff ff ff ff ff ff ff ff ff ff ff ff ff ff ff ff ff ff ff ff ff ff ff ff ff ff ff ff ff ff ff ff ff ff ff ff ff ff ...>
[7]Message -> 6944: <Buffer ff ff ff ff ff ff ff ff ff ff ff ff ff ff ff ff ff ff ff ff ff ff ff ff ff ff ff ff ff ff ff ff ff ff ff ff ff ff ff ff ff ff ff ff ff ff ff ff ff ff ff ...>
[7]Message -> 4376: <Buffer ff ff ff ff ff ff ff ff ff ff ff ff ff ff ff ff ff ff ff ff ff ff ff ff ff ff ff ff ff ff ff ff ff ff ff ff ff ff ff ff ff ff ff ff ff ff ff ff ff ff ff ...>
[7]Message -> 3472: <Buffer ff ff ff ff ff ff ff ff ff ff f6 ff ff ff ff ff ff ff ff ff ff ff ff ff ff ff ff ff ff ff ff ff ff ff ff ff ff ff ff ff ff ff ff ff ff ff ff ff ff ff ff ...>
[7]Message -> 6944: <Buffer ff ff ff ff ff ff ff ff ff ff ff ff ff a4 ff ff ff ff ff ff ff ff ff ff ff a4 ad ad ff ff ff ff ff ff ff ff ff ff f6 ff ff ff ff ff ff ff ff ff ff ff ff ...>
[7]Message -> 6944: <Buffer ff ff ff ff ff ff ff ff ff ff ff ff ff ff ff ff ff ff ff ff ff ff ff ff ff ff ff ff ff ff ff ff ff ff ff ff ff ff ff ff ff ff ff ff ff ff ff ff ff ff ff ...>
[7]Message -> 6944: <Buffer f6 f6 f6 ff ff ff ff ff ff ff ff ff ff ff ff ff ff ff ff ff ff ff ff ff ff ff ff ff ff ff ff ff ff ff ff ff ff ff ff ff ff ff ff ff ff ff ff ff ff ff ff ...>
[7]Message -> 5696: <Buffer 52 9a f6 5d 52 fe 6f 52 e3 b6 53 52 fe ff ff ff b7 52 eb ff ff ff ff 77 52 f4 ff 66 52 fe b7 52 eb b6 53 e2 b7 52 ab 54 9a fe 6f 52 f4 bf 53 e2 ff ff ff ...>
[7]Message -> 3472: <Buffer ff ff ff ff ff ff ff ff ff ff ff ff ff ff ff ff ff ff ff ff ff ff ff ff ff ff ff ff ff ff ff ff ff ff ff ff ff ff ff ff ff ff ff ff ff ff ff ff ff ff ff ...>
[7]Message -> 6944: <Buffer ff ff ff ff ff ff ff ff ff ff ff ff ff a4 ff ff ff ff ff ff ff ff ff ff ff a4 ad ad ff ff ff ff ff ff ff ff ff ff ff ff ff ff ff ff ff ff ff ff ff ff ff ...>
[7]Message -> 6944: <Buffer ff ff ff ff ff ff ff ff ff ff ff ff ff ff ff ff ff ff ff ff ff ff ff ff ff ff ff ff ff ff ff ff ff ff ff ff ff ff ff ff ff ff ff ff ff ff ff ff ff ff ff ...>
[7]Message -> 6944: <Buffer ff ff ff ff ff ff ff ff ff ff ff ff ff ff ff ff ff ff ff ff ff ff ff ff ff ff ff ff ff ff ff ff ff ff ff ff ff ff ff ff ff ff ff ff ff ff ff ff ff ff ff ...>
[7]Message -> 5696: <Buffer ff ff ff ff ff ff ff ff ff ff ff ff ff ff ff ff ff ff ff ff ff ff ff ff ff ff ff ff ff ff ff ff ff ff ff ff ff ff ff ff ff ff ff ff ff ff ff ff ff ff ff ...>
[7]Message -> 3472: <Buffer ff ff ff ff ff ff ff ff ff ff ff ff ff ff ff ff ff ff ff ff ff ff ff ff ff ff ff ff ff ff ff ff ff ff ff ff ff ff ff ff ff ff ff ff ff ff ff ff ff ff ff ...>
[7]Message -> 3472: <Buffer ff ff ff ff ff ff ff ff ff ff ff ff ff a4 ff ff ff ff ff ff ff ff ff ff ff a4 ad ad ff ff ff ff ff ff ff ff ff ff ff ff ff ff ff ff ff ff ff ff ff ff ff ...>
[7]Message -> 6944: <Buffer ff ff ff ff ff ff ff ff ff ff ff ff ff ff ff ff ff ff ff ff ff ff ff ff ff ff ff ff ff ff ff ff ff ff ff ff ff ff ff ff ff a4 ff ff ff ff ff ff ff ff ff ...>
[7]Message -> 3472: <Buffer ff ff ff ff ff ff ff ff ff ff ff ff ff ff ff ff ff ff ff ff ff ff ff ff ff ff ff ff ff ff ff ff ff ff ff ff ff ff ff ff ff ff ff ff ff ff ff ff ff ff ff ...>
[7]Message -> 6944: <Buffer ff ff ff ff ff ff ff ff ff ff ff ff ff ff ff ff ff ff ff ff ff ff ff ff ff ff ff ff ff ff ff ff ff ff ff ff ff ff ff ff ff ff ff ff ff ff ff ff ff ff ff ...>
[7]Message -> 3472: <Buffer ff ff ff ff ff ff ff ff ff ff ff ff ff ff ff ff ff ff ff ff ff ff ff ff ff ff ff ff ff ff ff ff ff ff ff ff ff ff ff ff ff ff ff ff ff ff ff ff ff ff ff ...>
[7]Message -> 6944: <Buffer ff ff ff ff ff ff ff ff ff ff ff ff ff ff ff ff ff ff ff ff ff ff ff ff ff ff ff ff ff ff ff ff ff ff ff ff ff ff ff ff ff ff ff ff ff ff ff ff ff ff ff ...>
[7]Message -> 3472: <Buffer ff ff ff ff ff ff ff ff ff ff ff ff ff ff ff ff ff ff ff ff ff ff ff ff ff ff ff ff ff ff ff ff ff ff ff ff ff ff ff ff ff ff ff ff ff ff ff ff ff ff ff ...>
[7]Message -> 2308: <Buffer ff ff ff ff ff ff ff ff ff ff ff ff ff ff ff ff ff ff ff ff ff ff ff ff ff ff ff ff ff ff ff ff ff ff ff ff ff ff ff ff ff ff ff ff ff ff ff ff ff ff ff ...>
^C